<?xml version="1.0" encoding="UTF-8"?>
<coverage generated="1643974591516" clover="3.2.0">
  <project timestamp="1643974591517" name="All files">
    <metrics statements="16" coveredstatements="10" conditionals="4" coveredconditionals="2" methods="4" coveredmethods="2" elements="24" coveredelements="14" complexity="0" loc="16" ncloc="16" packages="1" files="2" classes="2"/>
    <file name="apicomment.js" path="C:\Users\adorn\Documents\Microverse\capstone\Javascript_Capstone\src\modules\apicomment.js">
      <metrics statements="12" coveredstatements="7" conditionals="2" coveredconditionals="1" methods="3" coveredmethods="1"/>
      <line num="1" count="1" type="stmt"/>
      <line num="2" count="1" type="stmt"/>
      <line num="3" count="1" type="stmt"/>
      <line num="4" count="0" type="stmt"/>
      <line num="12" count="1" type="stmt"/>
      <line num="13" count="0" type="stmt"/>
      <line num="14" count="0" type="stmt"/>
      <line num="15" count="0" type="stmt"/>
      <line num="18" count="1" type="stmt"/>
      <line num="19" count="2" type="cond" truecount="1" falsecount="1"/>
      <line num="20" count="0" type="stmt"/>
      <line num="22" count="2" type="stmt"/>
    </file>
    <file name="items_counter.js" path="C:\Users\adorn\Documents\Microverse\capstone\Javascript_Capstone\src\modules\items_counter.js">
      <metrics statements="4" coveredstatements="3" conditionals="2" coveredconditionals="1" methods="1" coveredmethods="1"/>
      <line num="1" count="1" type="stmt"/>
      <line num="2" count="2" type="cond" truecount="1" falsecount="1"/>
      <line num="3" count="0" type="stmt"/>
      <line num="5" count="2" type="stmt"/>
    </file>
  </project>
</coverage>
