<?xml version="1.0" encoding="UTF-8"?>
<coverage generated="1643967009271" clover="3.2.0">
  <project timestamp="1643967009271" name="All files">
    <metrics statements="12" coveredstatements="7" conditionals="2" coveredconditionals="1" methods="3" coveredmethods="1" elements="17" coveredelements="9" complexity="0" loc="12" ncloc="12" packages="1" files="1" classes="1"/>
    <file name="apicomment.js" path="C:\Users\adorn\Documents\Microverse\capstone\Javascript_Capstone\src\modules\apicomment.js">
      <metrics statements="12" coveredstatements="7" conditionals="2" coveredconditionals="1" methods="3" coveredmethods="1"/>
      <line num="1" count="1" type="stmt"/>
      <line num="2" count="1" type="stmt"/>
      <line num="3" count="1" type="stmt"/>
      <line num="4" count="0" type="stmt"/>
      <line num="12" count="1" type="stmt"/>
      <line num="13" count="0" type="stmt"/>
      <line num="14" count="0" type="stmt"/>
      <line num="15" count="0" type="stmt"/>
      <line num="18" count="1" type="stmt"/>
      <line num="19" count="2" type="cond" truecount="1" falsecount="1"/>
      <line num="20" count="0" type="stmt"/>
      <line num="22" count="2" type="stmt"/>
    </file>
  </project>
</coverage>
